# JRE version: OpenJDK Runtime Environment Temurin-21.0.8+9 (21.0.8+9) (build 21.0.8+9-LTS)
# Java VM: OpenJDK 64-Bit Server VM Temurin-21.0.8+9 (21.0.8+9-LTS, mixed mode, tiered, compressed oops, compressed class ptrs, parallel gc, windows-amd64)
GC Precious Log:
 CardTable entry size: 512
 CPUs: 8 total, 8 available
 Memory: 5965M
 Large Page Support: Disabled
 NUMA Support: Disabled
 Compressed Oops: Enabled (32-bit)
 Alignments: Space 512K, Generation 512K, Heap 2M
 Heap Min Capacity: 100M
 Heap Initial Capacity: 100M
 Heap Max Capacity: 2G
 Pre-touch: Disabled
 Parallel Workers: 8
Heap:
 PSYoungGen      total 5120K, used 764K [0x00000000d5580000, 0x00000000d5d00000, 0x0000000100000000)
  eden space 4608K, 11% used [0x00000000d5580000,0x00000000d5607258,0x00000000d5a00000)
  from space 512K, 43% used [0x00000000d5c80000,0x00000000d5cb8000,0x00000000d5d00000)
  to   space 512K, 0% used [0x00000000d5c00000,0x00000000d5c00000,0x00000000d5c80000)
 ParOldGen       total 600064K, used 599920K [0x0000000080000000, 0x00000000a4a00000, 0x00000000d5580000)
  object space 600064K, 99% used [0x0000000080000000,0x00000000a49dc080,0x00000000a4a00000)
 Metaspace       used 90425K, committed 92032K, reserved 1179648K
  class space    used 9244K, committed 10048K, reserved 1048576K
GC Heap History (20 events):
Event: 426.598 GC heap before
{Heap before GC invocations=1120 (full 4):
 PSYoungGen      total 3584K, used 3568K [0x00000000d5580000, 0x00000000d5b00000, 0x0000000100000000)
  eden space 3072K, 100% used [0x00000000d5580000,0x00000000d5880000,0x00000000d5880000)
  from space 512K, 96% used [0x00000000d5a00000,0x00000000d5a7c010,0x00000000d5a80000)
  to   space 512K, 0% used [0x00000000d5a80000,0x00000000d5a80000,0x00000000d5b00000)
 ParOldGen       total 588800K, used 588451K [0x0000000080000000, 0x00000000a3f00000, 0x00000000d5580000)
  object space 588800K, 99% used [0x0000000080000000,0x00000000a3ea8d40,0x00000000a3f00000)
 Metaspace       used 90355K, committed 91968K, reserved 1179648K
  class space    used 9232K, committed 10048K, reserved 1048576K
}
Event: 426.602 GC heap after
{Heap after GC invocations=1120 (full 4):
 PSYoungGen      total 3584K, used 499K [0x00000000d5580000, 0x00000000d5c80000, 0x0000000100000000)
  eden space 3072K, 0% used [0x00000000d5580000,0x00000000d5580000,0x00000000d5880000)
  from space 512K, 97% used [0x00000000d5a80000,0x00000000d5afcc90,0x00000000d5b00000)
  to   space 2048K, 0% used [0x00000000d5880000,0x00000000d5880000,0x00000000d5a80000)
 ParOldGen       total 589824K, used 589672K [0x0000000080000000, 0x00000000a4000000, 0x00000000d5580000)
  object space 589824K, 99% used [0x0000000080000000,0x00000000a3fda2f0,0x00000000a4000000)
 Metaspace       used 90355K, committed 91968K, reserved 1179648K
  class space    used 9232K, committed 10048K, reserved 1048576K
}
Event: 426.619 GC heap before
{Heap before GC invocations=1121 (full 4):
 PSYoungGen      total 3584K, used 3571K [0x00000000d5580000, 0x00000000d5c80000, 0x0000000100000000)
  eden space 3072K, 100% used [0x00000000d5580000,0x00000000d5880000,0x00000000d5880000)
  from space 512K, 97% used [0x00000000d5a80000,0x00000000d5afcc90,0x00000000d5b00000)
  to   space 2048K, 0% used [0x00000000d5880000,0x00000000d5880000,0x00000000d5a80000)
 ParOldGen       total 589824K, used 589672K [0x0000000080000000, 0x00000000a4000000, 0x00000000d5580000)
  object space 589824K, 99% used [0x0000000080000000,0x00000000a3fda2f0,0x00000000a4000000)
 Metaspace       used 90366K, committed 92032K, reserved 1179648K
  class space    used 9236K, committed 10048K, reserved 1048576K
}
Event: 426.625 GC heap after
{Heap after GC invocations=1121 (full 4):
 PSYoungGen      total 5120K, used 2041K [0x00000000d5580000, 0x00000000d6080000, 0x0000000100000000)
  eden space 3072K, 0% used [0x00000000d5580000,0x00000000d5580000,0x00000000d5880000)
  from space 2048K, 99% used [0x00000000d5880000,0x00000000d5a7e6d8,0x00000000d5a80000)
  to   space 4096K, 0% used [0x00000000d5c80000,0x00000000d5c80000,0x00000000d6080000)
 ParOldGen       total 591360K, used 591076K [0x0000000080000000, 0x00000000a4180000, 0x00000000d5580000)
  object space 591360K, 99% used [0x0000000080000000,0x00000000a4139098,0x00000000a4180000)
 Metaspace       used 90366K, committed 92032K, reserved 1179648K
  class space    used 9236K, committed 10048K, reserved 1048576K
}
Event: 426.636 GC heap before
{Heap before GC invocations=1122 (full 4):
 PSYoungGen      total 5120K, used 5113K [0x00000000d5580000, 0x00000000d6080000, 0x0000000100000000)
  eden space 3072K, 99% used [0x00000000d5580000,0x00000000d587ffe0,0x00000000d5880000)
  from space 2048K, 99% used [0x00000000d5880000,0x00000000d5a7e6d8,0x00000000d5a80000)
  to   space 4096K, 0% used [0x00000000d5c80000,0x00000000d5c80000,0x00000000d6080000)
 ParOldGen       total 591360K, used 591076K [0x0000000080000000, 0x00000000a4180000, 0x00000000d5580000)
  object space 591360K, 99% used [0x0000000080000000,0x00000000a4139098,0x00000000a4180000)
 Metaspace       used 90366K, committed 92032K, reserved 1179648K
  class space    used 9236K, committed 10048K, reserved 1048576K
}
Event: 426.644 GC heap after
{Heap after GC invocations=1122 (full 4):
 PSYoungGen      total 7680K, used 3168K [0x00000000d5580000, 0x00000000d6080000, 0x0000000100000000)
  eden space 3584K, 0% used [0x00000000d5580000,0x00000000d5580000,0x00000000d5900000)
  from space 4096K, 77% used [0x00000000d5c80000,0x00000000d5f98000,0x00000000d6080000)
  to   space 3584K, 0% used [0x00000000d5900000,0x00000000d5900000,0x00000000d5c80000)
 ParOldGen       total 593408K, used 593165K [0x0000000080000000, 0x00000000a4380000, 0x00000000d5580000)
  object space 593408K, 99% used [0x0000000080000000,0x00000000a4343770,0x00000000a4380000)
 Metaspace       used 90366K, committed 92032K, reserved 1179648K
  class space    used 9236K, committed 10048K, reserved 1048576K
}
Event: 426.654 GC heap before
{Heap before GC invocations=1123 (full 4):
 PSYoungGen      total 7680K, used 6752K [0x00000000d5580000, 0x00000000d6080000, 0x0000000100000000)
  eden space 3584K, 100% used [0x00000000d5580000,0x00000000d5900000,0x00000000d5900000)
  from space 4096K, 77% used [0x00000000d5c80000,0x00000000d5f98000,0x00000000d6080000)
  to   space 3584K, 0% used [0x00000000d5900000,0x00000000d5900000,0x00000000d5c80000)
 ParOldGen       total 593408K, used 593165K [0x0000000080000000, 0x00000000a4380000, 0x00000000d5580000)
  object space 593408K, 99% used [0x0000000080000000,0x00000000a4343770,0x00000000a4380000)
 Metaspace       used 90368K, committed 92032K, reserved 1179648K
  class space    used 9236K, committed 10048K, reserved 1048576K
}
Event: 426.661 GC heap after
{Heap after GC invocations=1123 (full 4):
 PSYoungGen      total 7168K, used 2608K [0x00000000d5580000, 0x00000000d6000000, 0x0000000100000000)
  eden space 3584K, 0% used [0x00000000d5580000,0x00000000d5580000,0x00000000d5900000)
  from space 3584K, 72% used [0x00000000d5900000,0x00000000d5b8c010,0x00000000d5c80000)
  to   space 3072K, 0% used [0x00000000d5d00000,0x00000000d5d00000,0x00000000d6000000)
 ParOldGen       total 596480K, used 596245K [0x0000000080000000, 0x00000000a4680000, 0x00000000d5580000)
  object space 596480K, 99% used [0x0000000080000000,0x00000000a4645770,0x00000000a4680000)
 Metaspace       used 90368K, committed 92032K, reserved 1179648K
  class space    used 9236K, committed 10048K, reserved 1048576K
}
Event: 426.699 GC heap before
{Heap before GC invocations=1124 (full 4):
 PSYoungGen      total 7168K, used 6191K [0x00000000d5580000, 0x00000000d6000000, 0x0000000100000000)
  eden space 3584K, 99% used [0x00000000d5580000,0x00000000d58fffe0,0x00000000d5900000)
  from space 3584K, 72% used [0x00000000d5900000,0x00000000d5b8c010,0x00000000d5c80000)
  to   space 3072K, 0% used [0x00000000d5d00000,0x00000000d5d00000,0x00000000d6000000)
 ParOldGen       total 596480K, used 596245K [0x0000000080000000, 0x00000000a4680000, 0x00000000d5580000)
  object space 596480K, 99% used [0x0000000080000000,0x00000000a4645770,0x00000000a4680000)
 Metaspace       used 90397K, committed 92032K, reserved 1179648K
  class space    used 9240K, committed 10048K, reserved 1048576K
}
Event: 426.707 GC heap after
{Heap after GC invocations=1124 (full 4):
 PSYoungGen      total 5632K, used 704K [0x00000000d5580000, 0x00000000d5e00000, 0x0000000100000000)
  eden space 4608K, 0% used [0x00000000d5580000,0x00000000d5580000,0x00000000d5a00000)
  from space 1024K, 68% used [0x00000000d5d00000,0x00000000d5db0000,0x00000000d5e00000)
  to   space 1536K, 0% used [0x00000000d5b00000,0x00000000d5b00000,0x00000000d5c80000)
 ParOldGen       total 599040K, used 598741K [0x0000000080000000, 0x00000000a4900000, 0x00000000d5580000)
  object space 599040K, 99% used [0x0000000080000000,0x00000000a48b5770,0x00000000a4900000)
 Metaspace       used 90397K, committed 92032K, reserved 1179648K
  class space    used 9240K, committed 10048K, reserved 1048576K
}
Event: 426.898 GC heap before
{Heap before GC invocations=1125 (full 4):
 PSYoungGen      total 5632K, used 5312K [0x00000000d5580000, 0x00000000d5e00000, 0x0000000100000000)
  eden space 4608K, 100% used [0x00000000d5580000,0x00000000d5a00000,0x00000000d5a00000)
  from space 1024K, 68% used [0x00000000d5d00000,0x00000000d5db0000,0x00000000d5e00000)
  to   space 1536K, 0% used [0x00000000d5b00000,0x00000000d5b00000,0x00000000d5c80000)
 ParOldGen       total 599040K, used 598741K [0x0000000080000000, 0x00000000a4900000, 0x00000000d5580000)
  object space 599040K, 99% used [0x0000000080000000,0x00000000a48b5770,0x00000000a4900000)
 Metaspace       used 90413K, committed 92032K, reserved 1179648K
  class space    used 9244K, committed 10048K, reserved 1048576K
}
Event: 426.900 GC heap after
{Heap after GC invocations=1125 (full 4):
 PSYoungGen      total 6144K, used 496K [0x00000000d5580000, 0x00000000d5d80000, 0x0000000100000000)
  eden space 4608K, 0% used [0x00000000d5580000,0x00000000d5580000,0x00000000d5a00000)
  from space 1536K, 32% used [0x00000000d5b00000,0x00000000d5b7c010,0x00000000d5c80000)
  to   space 1024K, 0% used [0x00000000d5c80000,0x00000000d5c80000,0x00000000d5d80000)
 ParOldGen       total 599552K, used 599124K [0x0000000080000000, 0x00000000a4980000, 0x00000000d5580000)
  object space 599552K, 99% used [0x0000000080000000,0x00000000a49151b0,0x00000000a4980000)
 Metaspace       used 90413K, committed 92032K, reserved 1179648K
  class space    used 9244K, committed 10048K, reserved 1048576K
}
Event: 427.223 GC heap before
{Heap before GC invocations=1126 (full 4):
 PSYoungGen      total 6144K, used 5104K [0x00000000d5580000, 0x00000000d5d80000, 0x0000000100000000)
  eden space 4608K, 100% used [0x00000000d5580000,0x00000000d5a00000,0x00000000d5a00000)
  from space 1536K, 32% used [0x00000000d5b00000,0x00000000d5b7c010,0x00000000d5c80000)
  to   space 1024K, 0% used [0x00000000d5c80000,0x00000000d5c80000,0x00000000d5d80000)
 ParOldGen       total 599552K, used 599124K [0x0000000080000000, 0x00000000a4980000, 0x00000000d5580000)
  object space 599552K, 99% used [0x0000000080000000,0x00000000a49151b0,0x00000000a4980000)
 Metaspace       used 90421K, committed 92032K, reserved 1179648K
  class space    used 9244K, committed 10048K, reserved 1048576K
}
Event: 427.227 GC heap after
{Heap after GC invocations=1126 (full 4):
 PSYoungGen      total 5632K, used 704K [0x00000000d5580000, 0x00000000d5d80000, 0x0000000100000000)
  eden space 4608K, 0% used [0x00000000d5580000,0x00000000d5580000,0x00000000d5a00000)
  from space 1024K, 68% used [0x00000000d5c80000,0x00000000d5d30000,0x00000000d5d80000)
  to   space 1024K, 0% used [0x00000000d5b80000,0x00000000d5b80000,0x00000000d5c80000)
 ParOldGen       total 599552K, used 599512K [0x0000000080000000, 0x00000000a4980000, 0x00000000d5580000)
  object space 599552K, 99% used [0x0000000080000000,0x00000000a4976080,0x00000000a4980000)
 Metaspace       used 90421K, committed 92032K, reserved 1179648K
  class space    used 9244K, committed 10048K, reserved 1048576K
}
Event: 427.413 GC heap before
{Heap before GC invocations=1127 (full 4):
 PSYoungGen      total 5632K, used 5311K [0x00000000d5580000, 0x00000000d5d80000, 0x0000000100000000)
  eden space 4608K, 99% used [0x00000000d5580000,0x00000000d59fffd0,0x00000000d5a00000)
  from space 1024K, 68% used [0x00000000d5c80000,0x00000000d5d30000,0x00000000d5d80000)
  to   space 1024K, 0% used [0x00000000d5b80000,0x00000000d5b80000,0x00000000d5c80000)
 ParOldGen       total 599552K, used 599512K [0x0000000080000000, 0x00000000a4980000, 0x00000000d5580000)
  object space 599552K, 99% used [0x0000000080000000,0x00000000a4976080,0x00000000a4980000)
 Metaspace       used 90421K, committed 92032K, reserved 1179648K
  class space    used 9244K, committed 10048K, reserved 1048576K
}
Event: 427.417 GC heap after
{Heap after GC invocations=1127 (full 4):
 PSYoungGen      total 5632K, used 192K [0x00000000d5580000, 0x00000000d5d00000, 0x0000000100000000)
  eden space 4608K, 0% used [0x00000000d5580000,0x00000000d5580000,0x00000000d5a00000)
  from space 1024K, 18% used [0x00000000d5b80000,0x00000000d5bb0000,0x00000000d5c80000)
  to   space 512K, 0% used [0x00000000d5c80000,0x00000000d5c80000,0x00000000d5d00000)
 ParOldGen       total 600064K, used 599824K [0x0000000080000000, 0x00000000a4a00000, 0x00000000d5580000)
  object space 600064K, 99% used [0x0000000080000000,0x00000000a49c4080,0x00000000a4a00000)
 Metaspace       used 90421K, committed 92032K, reserved 1179648K
  class space    used 9244K, committed 10048K, reserved 1048576K
}
Event: 427.739 GC heap before
{Heap before GC invocations=1128 (full 4):
 PSYoungGen      total 5632K, used 4800K [0x00000000d5580000, 0x00000000d5d00000, 0x0000000100000000)
  eden space 4608K, 100% used [0x00000000d5580000,0x00000000d5a00000,0x00000000d5a00000)
  from space 1024K, 18% used [0x00000000d5b80000,0x00000000d5bb0000,0x00000000d5c80000)
  to   space 512K, 0% used [0x00000000d5c80000,0x00000000d5c80000,0x00000000d5d00000)
 ParOldGen       total 600064K, used 599824K [0x0000000080000000, 0x00000000a4a00000, 0x00000000d5580000)
  object space 600064K, 99% used [0x0000000080000000,0x00000000a49c4080,0x00000000a4a00000)
 Metaspace       used 90421K, committed 92032K, reserved 1179648K
  class space    used 9244K, committed 10048K, reserved 1048576K
}
Event: 427.741 GC heap after
{Heap after GC invocations=1128 (full 4):
 PSYoungGen      total 5120K, used 512K [0x00000000d5580000, 0x00000000d5d00000, 0x0000000100000000)
  eden space 4608K, 0% used [0x00000000d5580000,0x00000000d5580000,0x00000000d5a00000)
  from space 512K, 100% used [0x00000000d5c80000,0x00000000d5d00000,0x00000000d5d00000)
  to   space 1024K, 0% used [0x00000000d5b00000,0x00000000d5b00000,0x00000000d5c00000)
 ParOldGen       total 600064K, used 599864K [0x0000000080000000, 0x00000000a4a00000, 0x00000000d5580000)
  object space 600064K, 99% used [0x0000000080000000,0x00000000a49ce080,0x00000000a4a00000)
 Metaspace       used 90421K, committed 92032K, reserved 1179648K
  class space    used 9244K, committed 10048K, reserved 1048576K
}
Event: 428.894 GC heap before
{Heap before GC invocations=1129 (full 4):
 PSYoungGen      total 5120K, used 5120K [0x00000000d5580000, 0x00000000d5d00000, 0x0000000100000000)
  eden space 4608K, 100% used [0x00000000d5580000,0x00000000d5a00000,0x00000000d5a00000)
  from space 512K, 100% used [0x00000000d5c80000,0x00000000d5d00000,0x00000000d5d00000)
  to   space 1024K, 0% used [0x00000000d5b00000,0x00000000d5b00000,0x00000000d5c00000)
 ParOldGen       total 600064K, used 599864K [0x0000000080000000, 0x00000000a4a00000, 0x00000000d5580000)
  object space 600064K, 99% used [0x0000000080000000,0x00000000a49ce080,0x00000000a4a00000)
 Metaspace       used 90424K, committed 92032K, reserved 1179648K
  class space    used 9244K, committed 10048K, reserved 1048576K
}
Event: 428.898 GC heap after
{Heap after GC invocations=1129 (full 4):
 PSYoungGen      total 5632K, used 288K [0x00000000d5580000, 0x00000000d5d00000, 0x0000000100000000)
  eden space 4608K, 0% used [0x00000000d5580000,0x00000000d5580000,0x00000000d5a00000)
  from space 1024K, 28% used [0x00000000d5b00000,0x00000000d5b48000,0x00000000d5c00000)
  to   space 512K, 0% used [0x00000000d5c80000,0x00000000d5c80000,0x00000000d5d00000)
 ParOldGen       total 600064K, used 599888K [0x0000000080000000, 0x00000000a4a00000, 0x00000000d5580000)
  object space 600064K, 99% used [0x0000000080000000,0x00000000a49d4080,0x00000000a4a00000)
 Metaspace       used 90424K, committed 92032K, reserved 1179648K
  class space    used 9244K, committed 10048K, reserved 1048576K
}

